   SW   perc perc perc  query                              position in query        matching          repeat                 position in repeat
score   div. del. ins.  sequence                           begin  end      (left)   repeat            class/family       begin   end    (left)   ID

 1071   15.2  0.0  0.0  HEG4_chr10_2404092_2868093.update    1463   1646 (462321) + Explorer          DNA                      1    184    (26)   1  
  656    9.2  0.0  0.0  HEG4_chr10_2404092_2868093.update    2080   2166 (461801) + SINE9_OS          SINE                   207    293     (0)   2  
 1546   15.2  0.0  0.0  HEG4_chr10_2404092_2868093.update    2587   2830 (461137) C DITTO             DNA/Tourist            (0)    244       1   3  
 1559   10.4  5.2  0.0  HEG4_chr10_2404092_2868093.update    2935   3165 (460802) C DITTO             DNA/Tourist            (0)    244       2   4  
  890   11.5  0.7  1.3  HEG4_chr10_2404092_2868093.update    4049   4198 (459769) + STOWAWAY1_OS      DNA/TcMar-Stowaway       1    149     (0)   5  
  535   11.9  2.4  0.0  HEG4_chr10_2404092_2868093.update    4128   4211 (459756) C MIDWAY            DNA/hAT-Tip100       (458)    527     442   6 *
  589   21.7  1.7  2.8  HEG4_chr10_2404092_2868093.update    7452   7631 (456336) C WANDERER_OS       DNA/Tourist           (21)    211      34   7  
 1318   17.8  0.8  1.1  HEG4_chr10_2404092_2868093.update   16180  16440 (447527) + CASTAWAY          DNA/Tourist            105    364     (0)   8  
 1815    7.7  0.0  0.0  HEG4_chr10_2404092_2868093.update   16441  16673 (447294) + STOWAWAY12_OS     DNA/TcMar-Stowaway      80    312     (0)   9  
  244   15.6  0.0  0.0  HEG4_chr10_2404092_2868093.update   17243  17287 (446680) + (CTA)n            Simple_repeat            1     45     (0)  10  
 1607   19.6 17.3  2.6  HEG4_chr10_2404092_2868093.update   22371  23009 (440958) C BAJIE_LTR         LTR/Gypsy              (0)    733       1  11  
 2422    8.9  0.6  0.3  HEG4_chr10_2404092_2868093.update   24571  24909 (439058) C TOURIST-XIII      DNA/Tourist            (4)    341       2  12  
  318   26.6  1.9  7.7  HEG4_chr10_2404092_2868093.update   25269  25423 (438544) C LINE1-6_OS        LINE/L1             (3665)   2614    2469  13  
 2409    4.3  0.0  0.4  HEG4_chr10_2404092_2868093.update   25442  25721 (438246) + KIDDOD            DNA/Tourist              1    279     (0)  14  
  453   16.1  9.2  0.0  HEG4_chr10_2404092_2868093.update   25766  25852 (438115) C OSLINE1_2         LINE/L1             (3905)   2412    2318  15  
  659   27.0  6.3  0.6  HEG4_chr10_2404092_2868093.update   25888  26062 (437905) C LINE1-6_OS        LINE/L1             (4037)   2242    2058  13  
 1736    6.1  0.0  0.0  HEG4_chr10_2404092_2868093.update   26073  26285 (437682) + RETROSAT4_LTR     LTR/Gypsy                1    213  (3733)  16  
 2008    3.5  0.0  0.0  HEG4_chr10_2404092_2868093.update   29947  30175 (433792) + RETROSAT4_LTR     LTR/Gypsy             3718   3946     (0)  17  
  428   24.1  3.5  0.0  HEG4_chr10_2404092_2868093.update   31536  31651 (432316) C SEVERIN-2         DNA                  (576)   1375    1256  18  
 1514   14.0  0.4  1.1  HEG4_chr10_2404092_2868093.update   31895  32154 (431813) C STOWAWAY17_OS     DNA/TcMar-Stowaway     (1)    258       1  19  
  532   23.1  4.6  7.5  HEG4_chr10_2404092_2868093.update   32282  32520 (431447) + WANDERER_OS       DNA/Tourist              1    232     (0)  20  
  336   22.1  6.9  1.1  HEG4_chr10_2404092_2868093.update   32816  32902 (431065) C SEVERIN-2         DNA                    (6)   1945    1854  21  
  426   25.1  8.0  9.6  HEG4_chr10_2404092_2868093.update   33368  33865 (430102) C SEVERIN-2         DNA                 (1391)    560      71  22  
  332   16.0  0.0  0.0  HEG4_chr10_2404092_2868093.update   35020  35069 (428898) C SEVERIN-2         DNA                 (1901)     50       1  22  
 1350   10.1  0.0  1.5  HEG4_chr10_2404092_2868093.update   36027  36228 (427739) + COWARD            DNA/Tourist              1    199     (1)  23  
  454   20.1 13.0  2.9  HEG4_chr10_2404092_2868093.update   39018  39155 (424812) C CLOUD-7           DNA/MuDR               (1)    494     343  24  
 5223   12.8  7.0  7.8  HEG4_chr10_2404092_2868093.update   39561  40671 (423296) C CACTA-H           DNA/En-Spm             (0)   1152       1  25  
  615   20.4  3.0  1.8  HEG4_chr10_2404092_2868093.update   41104  41268 (422699) + STOWAWAY24_OS     DNA/TcMar-Stowaway      54    220     (4)  26  
 1587   12.9  1.7  0.0  HEG4_chr10_2404092_2868093.update   42384  42623 (421344) + DITTO             DNA/Tourist              1    244     (0)  27  
  228   24.6 10.7  6.6  HEG4_chr10_2404092_2868093.update   46038  46159 (417808) + CACTA-L           DNA/En-Spm             897   1023   (139)  28  
  228   23.5  4.3  2.9  HEG4_chr10_2404092_2868093.update   46107  46176 (417791) C CACTA-J           DNA/En-Spm           (171)    988     918  29  
 1374   24.4  3.4  2.5  HEG4_chr10_2404092_2868093.update   46763  47199 (416768) + RIRE2_LTR         LTR/Gypsy                1    441     (0)  30  
 1969   29.7  0.9  3.0  HEG4_chr10_2404092_2868093.update   47200  47830 (416137) + RIRE2_I-int       LTR/Gypsy                1    618  (9806)  30  
 1809   20.5  4.8  5.8  HEG4_chr10_2404092_2868093.update   48062  48564 (415403) C ATLANTYS-LTR_OS   LTR/Gypsy              (0)   1508    1011  31  
 3253   24.4  3.5  3.3  HEG4_chr10_2404092_2868093.update   48601  49613 (414354) C ATLANTYS-LTR_OS   LTR/Gypsy            (493)   1015       1  31  
 3664   10.8  2.2  0.6  HEG4_chr10_2404092_2868093.update   49730  50270 (413697) C RETRO1_LTR        LTR/Gypsy              (0)   1079     530  32  
 1593   15.7  0.0  0.3  HEG4_chr10_2404092_2868093.update   51195  51488 (412479) C RETRO2_I-int      LTR/Gypsy           (6568)   4122    3830  33  
  840   15.8  0.0  0.0  HEG4_chr10_2404092_2868093.update   51472  51617 (412350) C RETRO2_I-int      LTR/Gypsy           (3622)   7103    6958  33 *
 2469   10.9  0.5  0.8  HEG4_chr10_2404092_2868093.update   54839  55208 (408759) C RETRO2_LTR        LTR/Gypsy            (723)    369       1  34  
 1575   26.4  1.4  3.8  HEG4_chr10_2404092_2868093.update   55323  55825 (408142) + RIRE2_I-int       LTR/Gypsy             1037   1527  (8897)  35  
 3650   24.6  6.9  5.5  HEG4_chr10_2404092_2868093.update   55839  57309 (406658) C SZ-38_LTR         LTR/Gypsy              (0)   1492       1  36  
 1910   26.9  0.2  2.0  HEG4_chr10_2404092_2868093.update   57312  57812 (406155) + RIRE2_I-int       LTR/Gypsy             1535   2026  (8398)  35  
 1019    8.2  0.0  2.6  HEG4_chr10_2404092_2868093.update   58430  58580 (405387) + Gaijin            DNA/Tourist              1    147     (0)  37  
  965   12.9  1.2  1.8  HEG4_chr10_2404092_2868093.update   60369  60534 (403433) C CASINE            SINE                   (9)    165       1  38  
 9058   16.6  4.8  5.8  HEG4_chr10_2404092_2868093.update   64263  67293 (396674) + TRUNCATOR2_OS     LTR/Gypsy                1   3386  (2905)  39  
  383   22.7  1.3  0.1  HEG4_chr10_2404092_2868093.update   67499  67583 (396384) + RETRO2_LTR        LTR/Gypsy              898    975   (117)  40  
 1239    5.1  0.6  1.3  HEG4_chr10_2404092_2868093.update   73811  73969 (389998) C TAMI2             DNA                   (48)    206      49  41  
 1766   19.0  1.5  0.9  HEG4_chr10_2404092_2868093.update   76802  77131 (386836) C MERMITED          DNA/MuDR               (3)   1569    1238  42  
  291   23.0  6.7  9.0  HEG4_chr10_2404092_2868093.update   77702  77835 (386132) + MERMITE           DNA                   1127   1257   (144)  43  
  343   29.0  1.9  1.3  HEG4_chr10_2404092_2868093.update   77976  78117 (385850) C CACTA-F           DNA/En-Spm           (115)   1003     905  44  
 1248   25.5 13.9  6.0  HEG4_chr10_2404092_2868093.update   79746  80776 (383191) C CACTA-H           DNA/En-Spm             (0)   1152       1  45  
 1970    7.1  0.0  1.2  HEG4_chr10_2404092_2868093.update   81310  81564 (382403) + YOUREN            DNA/Tourist              2    253    (33)  46  
 2805   59.9  2.7  3.6  HEG4_chr10_2404092_2868093.update   81565  83068 (380899) C MERMITE18D        DNA/MuDR               (0)   1491       1  47  
  315    7.3  0.0  0.0  HEG4_chr10_2404092_2868093.update   83069  83107 (380860) + YOUREN            DNA/Tourist            248    286     (0)  48  
  261   20.0 16.9  1.4  HEG4_chr10_2404092_2868093.update   86699  86769 (377198) C F569              DNA/Tourist            (5)    223     142  49  
 1492   23.5  8.3  4.9  HEG4_chr10_2404092_2868093.update   86882  87449 (376518) C MERMITEH          DNA/MuDR               (4)   1303     717  50  
  251   26.7 13.1  4.9  HEG4_chr10_2404092_2868093.update   87936  88179 (375788) + MERMITE18B        DNA/MuDR               919   1182   (124)  51 *
  657   19.5 11.4  1.2  HEG4_chr10_2404092_2868093.update   88161  88326 (375641) C MERMITEA          DNA/MuDR            (1527)    183       1  52  
 1186   22.1  5.1  3.2  HEG4_chr10_2404092_2868093.update   88519  88892 (375075) + MERMITE18B        DNA/MuDR                 1    381   (925)  53  
  877   21.4  6.7  1.4  HEG4_chr10_2404092_2868093.update   89396  89604 (374363) + MERMITE18B        DNA/MuDR              1087   1306     (0)  54  
  342   29.3  6.5  2.4  HEG4_chr10_2404092_2868093.update   89889  90056 (373911) + TYPEM             DNA                      1    175    (52)  55  
  435   28.4  8.1  6.1  HEG4_chr10_2404092_2868093.update   91131  91490 (372477) C SZ-66LTR          LTR/Gypsy            (854)    369       3  56  
  464   16.7  0.0  0.0  HEG4_chr10_2404092_2868093.update   91783  91866 (372101) C SEVERIN-2         DNA                  (577)   1374    1291  57  
  442   19.7  0.0  0.0  HEG4_chr10_2404092_2868093.update   91855  91930 (372037) C SEVERIN-2         DNA                    (8)   1943    1868  58 *
13233   13.7  2.7  3.0  HEG4_chr10_2404092_2868093.update   91931  95501 (368466) + SZ-40_LTR         LTR/Gypsy                1   3367     (0)  59  
  589   15.6  0.9  0.9  HEG4_chr10_2404092_2868093.update   95502  95611 (368356) C SEVERIN-2         DNA                   (79)   1872    1763  58  
  434    1.5  0.0  0.0  HEG4_chr10_2404092_2868093.update   95826  95891 (368076) + (TCTA)n           Simple_repeat            4     69     (0)  60 *
  451   13.3  0.0  1.3  HEG4_chr10_2404092_2868093.update   95870  95945 (368022) C SEVERIN-2         DNA                  (568)   1383    1309  58  
  397   14.8  0.0  0.0  HEG4_chr10_2404092_2868093.update   96043  96117 (367850) C SEVERIN-2         DNA                    (6)   1945    1882  57  
  701    7.7  0.9  0.9  HEG4_chr10_2404092_2868093.update   96597  96701 (367266) C STOWAWAY10_OS     DNA/TcMar-Stowaway   (154)    105       1  61  
 1169   20.3  8.2  0.3  HEG4_chr10_2404092_2868093.update   99027  99332 (364635) + TEOS1             DNA                    147    476     (0)  62  
  959   29.0  2.0  1.4  HEG4_chr10_2404092_2868093.update  100177 100526 (363441) C LINE1-8_OS        LINE/L1             (2558)   4543    4192  63  
  373   31.0  3.8  5.4  HEG4_chr10_2404092_2868093.update  100644 100882 (363085) + SZ-33_LTR         LTR/Gypsy                2    236   (339)  64  
 1947   11.5  8.6  2.9  HEG4_chr10_2404092_2868093.update  100903 101250 (362717) + BAJIE_LTR         LTR/Gypsy               53    420   (313)  65 *
 2707   11.3  0.5  0.3  HEG4_chr10_2404092_2868093.update  101249 101628 (362339) + BAJIE_LTR         LTR/Gypsy              353    733     (0)  66  
  460   23.3  0.0  0.0  HEG4_chr10_2404092_2868093.update  101737 101826 (362141) + BAJIE_int-int     LTR/Gypsy              126    215  (2819)  67  
 7173   15.4  4.7  6.0  HEG4_chr10_2404092_2868093.update  102239 103800 (360167) + BAJIE_int-int     LTR/Gypsy              486   2026  (1008)  67 *
10052   15.4  4.6  3.5  HEG4_chr10_2404092_2868093.update  103789 105782 (358185) + BAJIE_int-int     LTR/Gypsy             1174   3034     (0)  68  
 4404   10.8  4.2  2.2  HEG4_chr10_2404092_2868093.update  105782 106500 (357467) + BAJIE_LTR         LTR/Gypsy                1    733     (0)  68 *
 1066   23.0  5.5  4.6  HEG4_chr10_2404092_2868093.update  106504 106831 (357136) + SZ-33_LTR         LTR/Gypsy              243    573     (2)  64  
  298   19.4  6.9  0.0  HEG4_chr10_2404092_2868093.update  107197 107268 (356699) + TEOS1             DNA                      1     77   (399)  69  
 1005   16.1  5.2  3.3  HEG4_chr10_2404092_2868093.update  107323 107534 (356433) + TEOS1             DNA                    185    400    (76)  70  
 1139   28.7  9.3  4.8  HEG4_chr10_2404092_2868093.update  107567 108455 (355512) + ENSPM5_OS         DNA/En-Spm            8118   9046   (535)  71  
  225   20.8  9.5  2.7  HEG4_chr10_2404092_2868093.update  108726 108799 (355168) + ENSPM6_OS         DNA/En-Spm            9539   9617   (198)  72  
  452   30.2  1.9  0.0  HEG4_chr10_2404092_2868093.update  110957 111118 (352849) + CACTA-F           DNA/En-Spm             954   1118     (0)  73  
  357   24.8  0.8  6.2  HEG4_chr10_2404092_2868093.update  111904 112032 (351935) + MU_OS             DNA/MuDR               162    283   (977)  74  
 1075   12.5  7.7  1.3  HEG4_chr10_2404092_2868093.update  114324 114558 (349409) C STOWAWAY2_OS      DNA/TcMar-Stowaway     (0)    250       1  75  
  268    4.4  4.1  8.2  HEG4_chr10_2404092_2868093.update  115277 115325 (348642) C Retrofit4_LTR     LTR/Copia             (16)    188     142  76  
  226   11.4  6.7  2.2  HEG4_chr10_2404092_2868093.update  115312 115356 (348611) C Retrofit3_LTR     LTR/Copia             (50)    275     229  77 *
11826   26.4  2.5  2.2  HEG4_chr10_2404092_2868093.update  115468 119857 (344110) C Retrofit4_I-int   LTR/Copia              (2)   4399       1  78  
  268    4.4  4.1  8.2  HEG4_chr10_2404092_2868093.update  119867 119915 (344052) C Retrofit4_LTR     LTR/Copia             (16)    188     142  78  
  226   11.4  6.7  2.2  HEG4_chr10_2404092_2868093.update  119902 119946 (344021) C Retrofit3_LTR     LTR/Copia             (50)    275     229  77 *
 6177   18.4  4.3  4.6  HEG4_chr10_2404092_2868093.update  127289 129239 (334728) + RETROSAT4_LTR     LTR/Gypsy                1   1945  (2001)  79  
13541    9.7  2.9  1.9  HEG4_chr10_2404092_2868093.update  129584 131597 (332370) + SZ-35_LTR         LTR/Gypsy             1819   3853     (0)  80  
  377    8.0  2.3  0.0  HEG4_chr10_2404092_2868093.update  134870 134957 (329010) C STOWAWAY50_OS     DNA/TcMar-Stowaway    (41)    133      44  81  
  383    4.8  3.1  1.0  HEG4_chr10_2404092_2868093.update  134958 134977 (328990) C EnSpm-12_OS       DNA/En-Spm          (6706)   5896    5829  82  
  307   27.5  3.8  5.7  HEG4_chr10_2404092_2868093.update  137027 137184 (326783) C OSLINE1-3         LINE/L1              (374)   5727    5573  83  
 1697   11.5  0.0  0.0  HEG4_chr10_2404092_2868093.update  140685 140928 (323039) C DITTO             DNA/Tourist            (0)    244       1  84  
 4057    0.0  0.0  0.0  HEG4_chr10_2404092_2868093.update  140932 141361 (322606) + MPING             DNA/Harbinger            1    430     (0)  85  
 1534    0.0  0.0  0.0  HEG4_chr10_2404092_2868093.update  141456 141621 (322346) + MPING             DNA/Harbinger            1    166   (264)  86  
  255   17.0  2.1  0.0  HEG4_chr10_2404092_2868093.update  141905 141951 (322016) + TNR2A             DNA                     63    110    (42)  87  
 1625    8.8  2.1  0.0  HEG4_chr10_2404092_2868093.update  142375 142612 (321355) + STOWAWAY21_OS     DNA/TcMar-Stowaway       1    243     (0)  88  
  762   16.6 13.6  1.4  HEG4_chr10_2404092_2868093.update  142899 143118 (320849) C STOWAWAY41_OS     DNA/TcMar-Stowaway     (0)    264      18  89  
 1311   16.1  1.1  0.8  HEG4_chr10_2404092_2868093.update  143650 143912 (320055) C STOWAWAY41_OS     DNA/TcMar-Stowaway     (0)    264       1  90  
 1307   16.3  3.0  4.9  HEG4_chr10_2404092_2868093.update  145138 145401 (318566) + DITTO3            DNA/Tourist              1    259     (1)  91  
 1396   14.9  0.8  0.0  HEG4_chr10_2404092_2868093.update  146796 147036 (316931) C STOWAWAY51_OS     DNA/TcMar-Stowaway     (0)    246       4  92  
  805   20.8  2.3  4.6  HEG4_chr10_2404092_2868093.update  147604 147820 (316147) C WANDERER_OS       DNA/Tourist           (20)    212       1  93  
 1099   10.6  0.6  0.0  HEG4_chr10_2404092_2868093.update  148802 148961 (315006) C OSHOOTER          DNA/En-Spm         (10295)   1249    1089  94  
 2972    8.0  5.5  0.0  HEG4_chr10_2404092_2868093.update  149159 149556 (314411) C OSTE9             DNA                    (1)    420       1  95  
  318   10.9  0.0  3.5  HEG4_chr10_2404092_2868093.update  159573 159629 (304338) + STOWAWAY13_OS     DNA/TcMar-Stowaway       1     55   (196)  96  
 1968    0.0  0.0  0.0  HEG4_chr10_2404092_2868093.update  159632 159859 (304108) C STOWAWAY16_OS     DNA/TcMar-Stowaway     (0)    228       1  97  
 1148   12.1  7.7  0.8  HEG4_chr10_2404092_2868093.update  159903 160136 (303831) C STOWAWAY2_OS      DNA/TcMar-Stowaway     (0)    250       1  98  
  571   21.3 16.6  8.3  HEG4_chr10_2404092_2868093.update  161865 161880 (302087) C OSTE26            Satellite            (445)    543     520  99  
  640   20.8  7.4  3.4  HEG4_chr10_2404092_2868093.update  161881 162029 (301938) + NINIA             DNA                    646    800    (96) 100  
  571   21.3 16.6  8.3  HEG4_chr10_2404092_2868093.update  162030 162366 (301601) C OSTE26            Satellite            (445)    519       1  99  
  231   28.4  2.8  7.6  HEG4_chr10_2404092_2868093.update  162636 162780 (301187) C TEMPINDAS         DNA/hAT-Ac            (24)   4235    4098 101  
  667   20.1  8.5  3.0  HEG4_chr10_2404092_2868093.update  163178 163341 (300626) + DS-RICE3N         DNA/hAT-Ac             353    525     (0) 102  
  498   27.0 12.4  4.6  HEG4_chr10_2404092_2868093.update  163725 163965 (300002) + ENSPM7_OS         DNA/En-Spm               1    260 (10694) 103  
 1384   14.4  1.3  0.0  HEG4_chr10_2404092_2868093.update  164043 164278 (299689) C TREP215           DNA/TcMar-Stowaway     (0)    239       1 104  
 2011   13.2  2.1  1.5  HEG4_chr10_2404092_2868093.update  167205 167536 (296431) + OLO24             DNA/Tourist              1    334    (11) 105  
  934   12.5  1.2  0.6  HEG4_chr10_2404092_2868093.update  169133 169293 (294674) C TREP215           DNA/TcMar-Stowaway     (0)    239      78 106  
 4465   10.6  3.9  2.5  HEG4_chr10_2404092_2868093.update  169294 170016 (293951) + BAJIE_LTR         LTR/Gypsy                1    733     (0) 107  
 3140   10.6  1.1  0.9  HEG4_chr10_2404092_2868093.update  171030 171484 (292483) + OSTE20            DNA/MuDR                40    495     (1) 108  
  634   21.9  2.4  3.4  HEG4_chr10_2404092_2868093.update  171533 171740 (292227) C STOWAWAY9_OS      DNA/TcMar-Stowaway    (29)    206       1 109  
 2784   60.3  5.8  1.1  HEG4_chr10_2404092_2868093.update  173475 174896 (289071) + MERMITE18D        DNA/MuDR                 1   1489     (2) 110  
  637   12.4  5.2  1.7  HEG4_chr10_2404092_2868093.update  175653 175767 (288200) C TYPEU2            DNA                  (114)    260     142 111  
  714   20.8  1.2  1.2  HEG4_chr10_2404092_2868093.update  175776 175936 (288031) C CLOUD-7           DNA/MuDR               (1)    494     334 112  
  303   17.1  5.1  2.6  HEG4_chr10_2404092_2868093.update  176902 176979 (286988) + MUDROS1           DNA/MuDR              1366   1445  (3487) 113  
  227   25.8  0.0  1.6  HEG4_chr10_2404092_2868093.update  177695 177757 (286210) + OSMUD1            DNA/MuDR              1918   1979  (3049) 114  
 2170   29.0  3.2  3.0  HEG4_chr10_2404092_2868093.update  178023 179006 (284961) + MUDROS1           DNA/MuDR              2406   3391  (1541) 115  
  719   20.4  1.3  1.3  HEG4_chr10_2404092_2868093.update  180758 180916 (283051) + CLOUD-7           DNA/MuDR               337    495     (0) 116  
  628   11.3 18.9  0.0  HEG4_chr10_2404092_2868093.update  180917 181022 (282945) C TYPEU2            DNA                  (246)    128       6 111  
 2249   22.4 11.3  9.9  HEG4_chr10_2404092_2868093.update  181499 182607 (281360) C CACTA-I           DNA/En-Spm             (0)   1124       1 117  
  316   20.8 16.0  4.6  HEG4_chr10_2404092_2868093.update  184519 184649 (279318) C STOWAWAY47_OS     DNA/TcMar-Stowaway     (2)    146       1 118  
 1780    5.5  1.7  0.4  HEG4_chr10_2404092_2868093.update  185261 185496 (278471) C TREP215           DNA/TcMar-Stowaway     (0)    239       1 119  
  903   26.6  8.8  7.6  HEG4_chr10_2404092_2868093.update  186656 187411 (276556) + MERMITE18C        DNA/MuDR                 1    765   (726) 120  
  294   27.3  5.7  6.5  HEG4_chr10_2404092_2868093.update  187446 187692 (276275) C SZ-22_LTR         LTR/Gypsy             (40)    728     484 121  
  418   27.0  3.2  2.7  HEG4_chr10_2404092_2868093.update  187931 188145 (275822) C SZ-39_LTR         LTR/Gypsy            (417)    531     215 122  
  638   23.7  6.0  2.3  HEG4_chr10_2404092_2868093.update  188482 188697 (275270) C MERMITE18C        DNA/MuDR            (1245)    228       5 123  
 1200   25.3  9.8  3.6  HEG4_chr10_2404092_2868093.update  189172 189740 (274227) C MERMITEJ          DNA/MuDR               (3)   1569     969 124  
  807   18.8  5.6  2.2  HEG4_chr10_2404092_2868093.update  190066 190298 (273669) + EnSpm-N1_OS       DNA/En-Spm               4    283  (3973) 125  
  271   25.0  9.3  6.8  HEG4_chr10_2404092_2868093.update  190098 190333 (273634) C EnSpm-N1_OS       DNA/En-Spm          (3971)    285      44 126 *
  494   20.1  0.7  2.9  HEG4_chr10_2404092_2868093.update  190378 190519 (273448) C OSTE24            DNA                  (184)    499     373 127  
 1500   15.7  6.1  0.0  HEG4_chr10_2404092_2868093.update  190706 190966 (273001) + EnSpm-N1_OS       DNA/En-Spm            3978   4254     (2) 128  
  355   29.4  3.8  4.3  HEG4_chr10_2404092_2868093.update  191838 192022 (271945) + MERMITE18B        DNA/MuDR              1123   1306     (0) 129 *
  596   23.0  2.0  2.6  HEG4_chr10_2404092_2868093.update  191872 192023 (271944) + MERMITE           DNA                   1244   1394     (7) 130  
  484   28.2  4.3  4.7  HEG4_chr10_2404092_2868093.update  192081 192314 (271653) C MERMITE18B        DNA/MuDR               (0)   1306    1074 131  
  760   26.9  5.4  2.1  HEG4_chr10_2404092_2868093.update  193780 194083 (269884) C MERMITE18B        DNA/MuDR            (1215)    313       1 132  
  969   23.7  1.1  0.0  HEG4_chr10_2404092_2868093.update  194613 194798 (269169) C SINE9_OS          SINE                 (104)    189       2 133  
 1035   16.0  2.8  2.3  HEG4_chr10_2404092_2868093.update  195259 195476 (268491) C COWARD-3          DNA/Tourist            (0)    221       3 134  
 2173    5.7  0.0  0.0  HEG4_chr10_2404092_2868093.update  195574 195836 (268131) C INDITTO           DNA/Tourist            (0)    263       1 135  
  397   20.6  9.2  6.3  HEG4_chr10_2404092_2868093.update  198164 198401 (265566) C STOWAWAY41_OS     DNA/TcMar-Stowaway     (0)    264      20 136  
  716   19.5  2.5 12.2  HEG4_chr10_2404092_2868093.update  198402 198646 (265321) C COWARD-3          DNA/Tourist            (0)    221       1 137  
  268   14.8  1.6  1.6  HEG4_chr10_2404092_2868093.update  198715 198776 (265191) C CASLET            DNA/Tourist          (256)     98      37 138  
 2120    6.8  0.0  0.0  HEG4_chr10_2404092_2868093.update  204700 204962 (259005) C INDITTO           DNA/Tourist            (0)    263       1 139  
  449   21.0  4.0  0.8  HEG4_chr10_2404092_2868093.update  205119 205243 (258724) + COWARD-3          DNA/Tourist             93    221     (0) 140  
 1973    8.2  0.0  0.0  HEG4_chr10_2404092_2868093.update  206111 206390 (257577) + MICROPON-LIKE-1   Unknown                149    428     (0) 141  
  763    7.1  1.0  0.0  HEG4_chr10_2404092_2868093.update  206316 206413 (257554) C MICROPON-LIKE-2   Unknown                (0)    102       4 142 *
  247   18.4  2.0  0.0  HEG4_chr10_2404092_2868093.update  206485 206533 (257434) C STOWAWAY30-2_OS   DNA/TcMar-Stowaway    (70)     50       1 143  
  258   15.8  0.0  0.0  HEG4_chr10_2404092_2868093.update  206631 206668 (257299) C STOWAWAY47_OS     DNA/TcMar-Stowaway    (33)    115      78 144  
  511   19.5  8.0  5.4  HEG4_chr10_2404092_2868093.update  206679 206867 (257100) + STOWAWAY43_OS     DNA/TcMar-Stowaway       1    231     (2) 145  
 1416   13.9  0.4  0.0  HEG4_chr10_2404092_2868093.update  207234 207471 (256496) + TREP215           DNA/TcMar-Stowaway       1    239     (0) 146  
  650   12.4  0.9  0.9  HEG4_chr10_2404092_2868093.update  207628 207733 (256234) C p-SINE1_OS        Other                 (16)    139      34 147  
  449   21.1  4.7  5.8  HEG4_chr10_2404092_2868093.update  209625 209795 (254172) C TOURIST-XV        DNA/Tourist           (30)    209      41 148  
  299   14.3 12.2  3.2  HEG4_chr10_2404092_2868093.update  210092 210214 (253753) C COWARD            DNA/Tourist           (13)    187      54 149  
  251   19.3  7.0  0.0  HEG4_chr10_2404092_2868093.update  210592 210648 (253319) C TESSBIG           DNA/hAT-Tag1        (3986)     71      11 150  
 6604   17.3  6.3  5.4  HEG4_chr10_2404092_2868093.update  217475 218974 (244993) + SZ-63_LTR         LTR/Gypsy                1   1514   (596) 151  
  556   20.8  1.3  3.9  HEG4_chr10_2404092_2868093.update  218994 219148 (244819) + SZ-63_LTR         LTR/Gypsy             1464   1614   (496) 152  
 1949   17.9  3.4  8.6  HEG4_chr10_2404092_2868093.update  219151 219707 (244260) + SZ-63_LTR         LTR/Gypsy             1583   2110     (0) 152  
  657   17.9  0.0  8.5  HEG4_chr10_2404092_2868093.update  221026 221178 (242789) + OSTE15            DNA/MuDR                 1    140  (1028) 153  
 1032   18.4  3.1  0.0  HEG4_chr10_2404092_2868093.update  222023 222218 (241749) C OSTE15            DNA/MuDR             (962)    206       5 154  
  763   32.2  4.8  4.8  HEG4_chr10_2404092_2868093.update  223489 224257 (239710) C OSLINE1-4         LINE/L1              (290)   4489    3721 155  
 2063   31.6  1.1  1.8  HEG4_chr10_2404092_2868093.update  224263 225238 (238729) C OSLINE1-4         LINE/L1              (966)   3813    2845 156  
 2138    8.2  3.9  0.0  HEG4_chr10_2404092_2868093.update  226621 226901 (237066) C HELIA             DNA/Tourist            (1)    292       1 157  
  312   22.0  8.0  6.6  HEG4_chr10_2404092_2868093.update  227070 227103 (236864) C MIDWAY            DNA/hAT-Tip100       (427)    558     505 158  
  355   13.8  0.0  0.0  HEG4_chr10_2404092_2868093.update  227104 227161 (236806) + STOWAWAY1_OS      DNA/TcMar-Stowaway      89    146     (3) 159  
  312   22.0  8.0  6.6  HEG4_chr10_2404092_2868093.update  227162 227220 (236747) C MIDWAY            DNA/hAT-Tip100       (427)    504     406 158  
 9971   10.7  2.3  2.8  HEG4_chr10_2404092_2868093.update  227767 229358 (234609) C SZ-37_LTR         LTR/Copia              (0)   1585       1 160  
  534   18.2  0.0  0.0  HEG4_chr10_2404092_2868093.update  230519 230606 (233361) + SINE9_OS          SINE                     1     88   (205) 161  
  278   15.2  0.0  0.0  HEG4_chr10_2404092_2868093.update  230964 231009 (232958) + SINE03_OS         SINE                   315    360     (0) 162  
  468   16.9  1.2  0.0  HEG4_chr10_2404092_2868093.update  232807 232889 (231078) + RPO_OS            Unknown                  7     90  (1902) 163  
  844   24.4  7.3  0.9  HEG4_chr10_2404092_2868093.update  233497 233715 (230252) C MERMITEJ          DNA/MuDR               (0)   1498    1266 164  
 1359   19.2  9.9  1.9  HEG4_chr10_2404092_2868093.update  234228 234550 (229417) + MERMITE           DNA                   1048   1396     (5) 165  
 2304    8.7  8.9  5.3  HEG4_chr10_2404092_2868093.update  235593 236140 (227827) + OSTE7             DNA                    400    837     (0) 166  
  415   18.8  5.6  7.2  HEG4_chr10_2404092_2868093.update  236141 236173 (227794) C OSTE7             DNA                  (670)    167     138 167  
 2580    9.9  4.5  1.0  HEG4_chr10_2404092_2868093.update  240002 240397 (223570) C SZ-40_LTR         LTR/Gypsy            (496)   1969    1560 168  
 5884   22.9  2.7  2.1  HEG4_chr10_2404092_2868093.update  240398 241897 (222070) C ATLANTYS-LTR_OS   LTR/Gypsy              (0)   1508       1 169  
 1480    6.1  0.0  0.6  HEG4_chr10_2404092_2868093.update  241898 242077 (221890) C SZ-40_LTR         LTR/Gypsy            (901)   1564    1386 170  
 2047   22.8  4.5  5.2  HEG4_chr10_2404092_2868093.update  242078 243057 (220910) + Gypsy-A_LTR       LTR/Gypsy                1   1058  (2309) 171  
 1764   13.1  3.4  2.5  HEG4_chr10_2404092_2868093.update  243950 244278 (219689) + SZ-40_LTR         LTR/Gypsy              793   1052  (1413) 172  
 1445   22.5  2.2  5.4  HEG4_chr10_2404092_2868093.update  244276 244737 (219230) + BAJIE_LTR         LTR/Gypsy              174    692    (41) 173 *
 2483    8.1  0.0  0.0  HEG4_chr10_2404092_2868093.update  246592 246924 (217043) C NDNA1TNA_OS       DNA/Tourist            (1)    333       1 174  
  290   17.5  3.0  6.0  HEG4_chr10_2404092_2868093.update  253444 253510 (210457) C MUDROS1           DNA/MuDR               (2)   4930    4866 175  
 2370   12.7  9.5  5.9  HEG4_chr10_2404092_2868093.update  253826 254286 (209681) C JINHUA            DNA/hAT-Ac             (1)    478       1 176  
  233   15.9  6.8  0.0  HEG4_chr10_2404092_2868093.update  257886 257929 (206038) C KIDDOB            DNA/Tourist          (219)     61      15 177  
 1113    6.1  0.0  2.0  HEG4_chr10_2404092_2868093.update  259229 259379 (204588) + STOWAWAY1_OS      DNA/TcMar-Stowaway       2    149     (0) 178  
  260   31.0  3.9  2.0  HEG4_chr10_2404092_2868093.update  260041 260142 (203825) + FOCUS             DNA/Tourist             11    114   (143) 179  
  413   11.2  6.2  0.0  HEG4_chr10_2404092_2868093.update  260370 260449 (203518) C TREP215           DNA/TcMar-Stowaway   (137)    102      18 180  
  406   27.7  1.9  2.5  HEG4_chr10_2404092_2868093.update  260464 260616 (203351) C ID-3              DNA/Tourist            (0)    289     138 181  
 1490   14.7  0.0  0.0  HEG4_chr10_2404092_2868093.update  260617 260847 (203120) C DITTO             DNA/Tourist            (0)    244      14 182  
  643   21.4  3.2  1.3  HEG4_chr10_2404092_2868093.update  260962 261117 (202850) C WANDERER_OS       DNA/Tourist           (40)    192      34 183  
 4057    0.0  0.0  0.0  HEG4_chr10_2404092_2868093.update  261520 261949 (202018) C MPING             DNA/Harbinger          (0)    430       1 184  
 4057    0.0  0.0  0.0  HEG4_chr10_2404092_2868093.update  262043 262472 (201495) C MPING             DNA/Harbinger          (0)    430       1 185  
  529   24.0  1.9  0.7  HEG4_chr10_2404092_2868093.update  262820 262974 (200993) + OSTE19            DNA/MuDR                 2    158     (4) 186  
 1545   12.2  0.8  0.0  HEG4_chr10_2404092_2868093.update  264743 264979 (198988) C TREP215           DNA/TcMar-Stowaway     (0)    239       1 187  
 1920    4.8  2.8  0.0  HEG4_chr10_2404092_2868093.update  265212 265463 (198504) C STOWAWAY10_OS     DNA/TcMar-Stowaway     (0)    259       1 188  
 1566   12.1  0.0  0.8  HEG4_chr10_2404092_2868093.update  265482 265722 (198245) + TREP215           DNA/TcMar-Stowaway       1    239     (0) 189  
 1331   11.4  5.0  0.5  HEG4_chr10_2404092_2868093.update  265745 265965 (198002) C TREP215           DNA/TcMar-Stowaway     (0)    239       9 190  
  381   19.3  0.0  3.3  HEG4_chr10_2404092_2868093.update  266692 266711 (197256) + MIDWAY            DNA/hAT-Tip100         440    456   (529) 191  
 1146    7.4  0.0  0.7  HEG4_chr10_2404092_2868093.update  266712 266861 (197106) C STOWAWAY1_OS      DNA/TcMar-Stowaway     (0)    149       1 192  
  827   29.1  9.3  8.9  HEG4_chr10_2404092_2868093.update  267502 268720 (195247) C SZ-66LTR          LTR/Gypsy              (0)   1223       1 193  
  778   22.9  7.6  2.2  HEG4_chr10_2404092_2868093.update  268750 268972 (194995) C COPIA1-LTR_OS     LTR/Copia            (838)    376     142 194  
  337   22.4 10.6  0.0  HEG4_chr10_2404092_2868093.update  269091 269175 (194792) + EnSpm-11_OS       DNA/En-Spm            6564   6657  (6469) 195  
  301   25.2  6.8 11.5  HEG4_chr10_2404092_2868093.update  271103 271250 (192717) + STOWAWAY47_OS     DNA/TcMar-Stowaway       8    148     (0) 196  
 1439   20.6  9.5  7.2  HEG4_chr10_2404092_2868093.update  273273 273769 (190198) + CACTA-I           DNA/En-Spm               1    508   (616) 197  
 1177   18.3  8.2  4.3  HEG4_chr10_2404092_2868093.update  274174 274644 (189323) + CACTA-B           DNA/En-Spm             568   1124     (0) 198  
 1641   20.1 16.2 12.0  HEG4_chr10_2404092_2868093.update  275553 276764 (187203) C MERMITE-18        DNA/MuDR               (0)   1263       1 199  
  341    8.9  0.0  0.0  HEG4_chr10_2404092_2868093.update  278136 278178 (185789) C STOWAWAY46_OS     DNA/TcMar-Stowaway     (0)    154     112 200  
  915   11.2  6.9  0.7  HEG4_chr10_2404092_2868093.update  278179 278322 (185645) C STOWAWAY46_OS     DNA/TcMar-Stowaway     (1)    153       1 201  
  277   17.3  7.7  0.0  HEG4_chr10_2404092_2868093.update  280195 280246 (183721) C OSTE19            DNA/MuDR             (103)     59       4 202  
 1782    3.2  0.0  0.5  HEG4_chr10_2404092_2868093.update  287698 287916 (176051) + Gypsy-A_LTR       LTR/Gypsy                1    218  (3149) 203  
  277   30.1  6.3  5.7  HEG4_chr10_2404092_2868093.update  293769 294034 (169933) + SC-10_int-int     LTR/Copia             2823   2913  (1284) 204  
  264   17.5  7.1 10.0  HEG4_chr10_2404092_2868093.update  295316 295455 (168512) + TWIFB1            DNA/hAT-Ac            3082   3217   (520) 205  
 1941   17.0  4.3  2.8  HEG4_chr10_2404092_2868093.update  296151 296544 (167423) C MERMITED          DNA/MuDR               (3)   1569    1170 206  
 1628   25.0  5.0  4.0  HEG4_chr10_2404092_2868093.update  297301 298016 (165951) + MERMITEA          DNA/MuDR               988   1710     (0) 207  
 2205   12.2  0.3  0.6  HEG4_chr10_2404092_2868093.update  299772 300126 (163841) + TYPEG             DNA/MuDR?                1    354    (73) 208  
  457   17.2 12.4  5.2  HEG4_chr10_2404092_2868093.update  303726 303878 (160089) + TOURIST-XV        DNA/Tourist             38    201    (38) 209  
  794   20.2  7.1  1.3  HEG4_chr10_2404092_2868093.update  305598 305823 (158144) C TREP215           DNA/TcMar-Stowaway     (0)    239       1 210  
  820   12.3  6.7  0.6  HEG4_chr10_2404092_2868093.update  305912 306091 (157876) C OSTE27            DNA                   (18)    951     761 211  
  347   13.7  2.3  0.5  HEG4_chr10_2404092_2868093.update  306094 306192 (157775) + OSTE27            DNA                    530    603   (366) 212  
  862   10.5  0.0  0.7  HEG4_chr10_2404092_2868093.update  306337 306480 (157487) C OSTE27            DNA                  (297)    672     530 211 *
 1429    9.0  2.1  0.0  HEG4_chr10_2404092_2868093.update  306478 306710 (157257) + OSTE27            DNA                    730    967     (2) 213  
 1201   31.0  3.6  3.4  HEG4_chr10_2404092_2868093.update  307120 307673 (156294) + LINE-4_OS         LINE/L1               2971   3525   (137) 214  
  242   17.0  0.9 17.0  HEG4_chr10_2404092_2868093.update  307789 307894 (156073) + POP-OL2           DNA                     19    107    (19) 215  
  299   25.0  0.0  1.4  HEG4_chr10_2404092_2868093.update  308406 308478 (155489) + CLOUD-4           DNA/MuDR                96    167   (353) 216  
  305   24.0  0.3  5.2  HEG4_chr10_2404092_2868093.update  308486 308605 (155362) + OSMU4             DNA/MuDR                 1    115  (1028) 217  
 4898   10.4  1.8  2.0  HEG4_chr10_2404092_2868093.update  308858 309592 (154375) C BAJIE_LTR         LTR/Gypsy              (0)    733       1 218  
  381   26.1  0.0  0.9  HEG4_chr10_2404092_2868093.update  309906 310021 (153946) C OSMU10            DNA/MuDR            (1028)    115       1 219  
  253   16.7  4.2  4.2  HEG4_chr10_2404092_2868093.update  310053 310171 (153796) C SZ-62_LTR         LTR/Gypsy           (1708)   1941    1823 220  
  664   25.1  0.0  1.2  HEG4_chr10_2404092_2868093.update  310193 310353 (153614) C CLOUD-4           DNA/MuDR             (336)    184      26 221  
  513   17.0  0.0  4.7  HEG4_chr10_2404092_2868093.update  311433 311580 (152387) C STOWAWAY41_OS     DNA/TcMar-Stowaway    (79)    185      45 222  
 1433   15.1  0.0  0.0  HEG4_chr10_2404092_2868093.update  314044 314282 (149685) C TREP215           DNA/TcMar-Stowaway     (0)    239       1 223  
  395   22.4  1.9  4.0  HEG4_chr10_2404092_2868093.update  314574 314700 (149267) + CACTA-E           DNA/En-Spm              95    169  (1038) 224  
  286   26.5  7.3  5.7  HEG4_chr10_2404092_2868093.update  314608 314731 (149236) C ENSPM7_OS         DNA/En-Spm          (6090)   4864    4739 225 *
  262   24.7  3.4  4.5  HEG4_chr10_2404092_2868093.update  315597 315685 (148282) + CACTA-E           DNA/En-Spm             131    218   (989) 226  
  284   21.7  1.9 12.4  HEG4_chr10_2404092_2868093.update  316570 316674 (147293) C CACTA-L           DNA/En-Spm           (140)   1022     929 227  
  824   13.2  9.1  0.6  HEG4_chr10_2404092_2868093.update  322643 322817 (141150) + OSTE27            DNA                    314    503   (466) 228  
  245   11.4  0.0  0.0  HEG4_chr10_2404092_2868093.update  323308 323351 (140616) C OSTE27            DNA                  (196)    773     730 229 *
 1714   16.8  5.9  2.2  HEG4_chr10_2404092_2868093.update  323349 323755 (140212) + OSTE27            DNA                    530    951    (18) 230  
 2046   12.6  1.0  8.5  HEG4_chr10_2404092_2868093.update  324724 325112 (138855) C SINE03_OS         SINE                   (0)    360       1 231 *
 2814   13.9  2.5  7.8  HEG4_chr10_2404092_2868093.update  325106 325653 (138314) C CLOUD-4           DNA/MuDR               (1)    519       1 232  
 1530   13.1 10.6  3.2  HEG4_chr10_2404092_2868093.update  327654 327937 (136030) C OLO24             DNA/Tourist           (31)    314      10 233  
  251   11.8  0.0  0.0  HEG4_chr10_2404092_2868093.update  328149 328182 (135785) C STOWAWAY43_OS     DNA/TcMar-Stowaway     (0)    233     200 234  
  698   21.6  4.3  0.0  HEG4_chr10_2404092_2868093.update  329152 329313 (134654) C TYPEM             DNA                    (5)    222      54 235  
  428   19.1  1.5  3.0  HEG4_chr10_2404092_2868093.update  329398 329532 (134435) C TYPEU2            DNA                   (78)    304     172 236  
  881   14.8  0.0  2.0  HEG4_chr10_2404092_2868093.update  329905 330056 (133911) + STOWAWAY1_OS      DNA/TcMar-Stowaway       1    149     (0) 237  
  802   19.4  0.6  0.0  HEG4_chr10_2404092_2868093.update  330224 330383 (133584) + WANDERER_OS       DNA/Tourist             34    194    (38) 238  
  986    9.7  1.3  5.2  HEG4_chr10_2404092_2868093.update  331059 331211 (132756) C F524              SINE                  (19)    272     126 239  
  287   21.6  0.0  0.0  HEG4_chr10_2404092_2868093.update  331500 331550 (132417) C F118              DNA/hAT                (1)    178     128 240  
 1350   10.4  0.6  0.0  HEG4_chr10_2404092_2868093.update  331552 331734 (132233) C TNR10             DNA                  (406)    202      19 241  
 1253   15.7  2.9  3.3  HEG4_chr10_2404092_2868093.update  331735 331978 (131989) + CACTA-I           DNA/En-Spm               1    243   (881) 242  
  715   18.4  1.2  2.4  HEG4_chr10_2404092_2868093.update  332408 332574 (131393) + SZ-48_LTR         LTR/Gypsy                1    165  (3467) 243  
 2113   12.1  6.4  8.4  HEG4_chr10_2404092_2868093.update  332579 333081 (130886) + CACTA-H           DNA/En-Spm             637   1091    (61) 244  
  885   13.9  0.7  1.4  HEG4_chr10_2404092_2868093.update  333068 333206 (130761) C F118              DNA/hAT               (41)    138       1 245 *
 1483   12.2  0.4  0.4  HEG4_chr10_2404092_2868093.update  333515 333753 (130214) C TREP215           DNA/TcMar-Stowaway     (0)    239       1 246  
  532   21.4  7.0  4.3  HEG4_chr10_2404092_2868093.update  333950 334135 (129832) C MERMITE18C        DNA/MuDR            (1259)    214      24 247  
  815   24.0  1.6  0.0  HEG4_chr10_2404092_2868093.update  334295 334477 (129490) + OSTE15            DNA/MuDR               978   1163     (5) 248  
 1188    9.0 13.2  0.0  HEG4_chr10_2404092_2868093.update  336100 336288 (127679) + TREP215           DNA/TcMar-Stowaway       1    214    (25) 249  
  290   18.0  0.0  0.0  HEG4_chr10_2404092_2868093.update  336289 336338 (127629) C TREP215           DNA/TcMar-Stowaway   (189)     50       1 250  
  246    4.3  0.0  0.0  HEG4_chr10_2404092_2868093.update  337215 337260 (126707) + EnSpm-12_OS       DNA/En-Spm            5826   5871  (6732) 251  
 1079    7.8  0.0  0.0  HEG4_chr10_2404092_2868093.update  337639 337779 (126188) + OSHOOTER          DNA/En-Spm            1098   1238 (10306) 252  
  796   17.2  2.1  0.0  HEG4_chr10_2404092_2868093.update  340456 340600 (123367) C STOWAWAY47_OS     DNA/TcMar-Stowaway     (0)    148       1 253  
 1531   22.0  3.4  3.4  HEG4_chr10_2404092_2868093.update  341812 342169 (121798) C ECR               DNA/MuDR              (36)    358       1 254  
16799   57.8  0.5  0.5  HEG4_chr10_2404092_2868093.update  347094 352318 (111649) C OSMU6             DNA/MuDR               (0)   5225       1 255  
  317   15.0 14.8  2.6  HEG4_chr10_2404092_2868093.update  352330 352438 (111529) + OSMU4             DNA/MuDR                 1    120  (1023) 256  
  497   20.3  1.6  3.9  HEG4_chr10_2404092_2868093.update  353146 353273 (110694) C OSMU4             DNA/MuDR            (4606)    125       1 257  
 1386   19.4  2.6  6.8  HEG4_chr10_2404092_2868093.update  353512 353883 (110084) C MERMITEH          DNA/MuDR               (0)   1307     973 258  
  705    5.4  0.0  1.1  HEG4_chr10_2404092_2868093.update  355984 356074 (107893) C STOWAWAY11_OS     DNA/Stowaway           (0)    292     203 259  
 2504    6.1  0.0  0.0  HEG4_chr10_2404092_2868093.update  356075 356386 (107581) + STOWAWAY12_OS     DNA/TcMar-Stowaway       1    312     (0) 260  
 1504    9.8  0.0  0.0  HEG4_chr10_2404092_2868093.update  356387 356590 (107377) C STOWAWAY11_OS     DNA/Stowaway          (88)    204       1 259  
 1017   22.5  1.0  2.7  HEG4_chr10_2404092_2868093.update  356933 357229 (106738) C TNR8-21           DNA/MuDR              (69)    359      68 261  
  260   24.8  1.5  6.0  HEG4_chr10_2404092_2868093.update  357115 357247 (106720) + TNR8-21           DNA/MuDR               282    408    (20) 262 *
  966   26.6  1.0  4.0  HEG4_chr10_2404092_2868093.update  357353 357654 (106313) C SZ-11LTRLIKE      LTR                    (1)    293       1 263  
 1187   28.6  1.8  1.1  HEG4_chr10_2404092_2868093.update  357898 358335 (105632) + GYPSY1-I_OS-int   LTR/Gypsy              997   1437  (6157) 264  
 1432   16.1  2.1  0.0  HEG4_chr10_2404092_2868093.update  358342 358583 (105384) C SEVERIN-2         DNA                    (6)   1945    1699 265  
  507   20.7  1.7  3.3  HEG4_chr10_2404092_2868093.update  358980 359099 (104868) C SETARIA1          DNA/MuDR               (0)   1293    1176 266  
  831   18.3  8.5  1.1  HEG4_chr10_2404092_2868093.update  359704 359891 (104076) + SETARIA1          DNA/MuDR              1092   1293     (0) 267  
  601   28.2  7.2  4.7  HEG4_chr10_2404092_2868093.update  360996 361312 (102655) + GYPSY1-I_OS-int   LTR/Gypsy             1446   1770  (5824) 264  
  627   24.0  0.7  0.7  HEG4_chr10_2404092_2868093.update  361313 361459 (102508) + STOWAWAY47_OS     DNA/TcMar-Stowaway       1    147     (1) 268  
  582   28.2  6.1  0.9  HEG4_chr10_2404092_2868093.update  361464 361692 (102275) + GYPSY1-I_OS-int   LTR/Gypsy             1774   2014  (5580) 264  
  253   21.8  0.0  1.8  HEG4_chr10_2404092_2868093.update  362352 362407 (101560) + COPIA1-LTR_OS     LTR/Copia             1022   1076   (138) 269  
  723   20.7  0.0  4.0  HEG4_chr10_2404092_2868093.update  364409 364609  (99358) C TYPEG             DNA/MuDR?              (0)    427     235 270  
 1937   29.9  4.8  4.1  HEG4_chr10_2404092_2868093.update  364840 365887  (98080) + GYPSY1-I_OS-int   LTR/Gypsy              960   2014  (5580) 271  
  769   30.7  0.6  0.6  HEG4_chr10_2404092_2868093.update  365929 366245  (97722) + SZ-24_LTR         LTR/Gypsy                1    317   (111) 272  
 1065   25.1  4.4  5.7  HEG4_chr10_2404092_2868093.update  366246 366681  (97286) C SZ-66LTR          LTR/Gypsy              (0)   1223     794 273  
 1328   23.6  7.3  5.9  HEG4_chr10_2404092_2868093.update  366925 367537  (96430) C SZ-66LTR          LTR/Gypsy            (601)    622       1 273  
 2033   21.8  3.2  6.6  HEG4_chr10_2404092_2868093.update  367554 368206  (95761) + Atlantys-2-LTR_OS LTR/Gypsy              354    984     (0) 274  
 3155    5.3  1.2  0.7  HEG4_chr10_2404092_2868093.update  369527 369944  (94023) + COPIA1-LTR_OS     LTR/Copia                1    420   (794) 275  
 1221   16.1  8.8  9.7  HEG4_chr10_2404092_2868093.update  371665 372140  (91827) + SC-9_LTR          LTR/Copia                1    472     (0) 276  
  347   19.8 14.6  5.2  HEG4_chr10_2404092_2868093.update  373109 373520  (90447) C RPO_OS            Unknown             (1609)    383       3 277  
 3765    5.8  0.4  2.0  HEG4_chr10_2404092_2868093.update  373560 374100  (89867) C TNR11             DNA/Stowaway          (63)    748     217 278  
  661    3.5  0.0  0.0  HEG4_chr10_2404092_2868093.update  374129 374213  (89754) C TNR11             DNA/Stowaway         (567)    244     160 278  
  493   23.7  5.1  0.6  HEG4_chr10_2404092_2868093.update  374744 374900  (89067) C EnSpm-12_OS       DNA/En-Spm          (7417)   5186    5023 279  
 1483   16.1  6.7  7.4  HEG4_chr10_2404092_2868093.update  375147 375621  (88346) + MERMITE18D        DNA/MuDR                 3    482   (991) 280  
 4255    7.0  0.7  0.7  HEG4_chr10_2404092_2868093.update  375911 376458  (87509) + SZ-44_LTR         LTR/Gypsy                1    548   (860) 281  
  660   28.9  5.7  8.7  HEG4_chr10_2404092_2868093.update  376509 377312  (86655) C MERMITE18C        DNA/MuDR             (693)    780       1 282  
  383   14.5  0.0  0.0  HEG4_chr10_2404092_2868093.update  377302 377363  (86604) C SINE03_OS         SINE                   (2)    358     297 283 *
  252   14.8  0.0  0.0  HEG4_chr10_2404092_2868093.update  378093 378153  (85814) + HELITRON7_OS      RC/Helitron           1636   1696  (8457) 284  
 1184   15.8  3.1  0.8  HEG4_chr10_2404092_2868093.update  378573 378827  (85140) C STOWAWAY41_OS     DNA/TcMar-Stowaway     (0)    264       4 285  
 1496   12.9  0.0  0.4  HEG4_chr10_2404092_2868093.update  379232 379457  (84510) + CLOUD-2           DNA/MuDR                 1    225   (486) 286  
 2200   12.5  3.0  5.1  HEG4_chr10_2404092_2868093.update  379473 379903  (84064) + CLOUD-2           DNA/MuDR               290    711     (0) 287  
  351   27.8  0.9  0.9  HEG4_chr10_2404092_2868093.update  379904 380012  (83955) + ECR               DNA/MuDR                 8    116   (278) 288  
  335   19.3  5.2  5.2  HEG4_chr10_2404092_2868093.update  380170 380284  (83683) + ECR               DNA/MuDR               280    394     (0) 289  
 1740   10.4  0.4  0.0  HEG4_chr10_2404092_2868093.update  380535 380783  (83184) C STOWAWAY17_OS     DNA/TcMar-Stowaway     (9)    250       1 290  
 1452   12.9  1.8  0.5  HEG4_chr10_2404092_2868093.update  381536 381841  (82126) + SINE03_OS         SINE                     1    360     (0) 291  
  240   20.8  6.1  3.0  HEG4_chr10_2404092_2868093.update  387647 387745  (76222) + EnSpm-11_OS       DNA/En-Spm            4039   4140  (8986) 292 *
  264   10.0 10.0  0.0  HEG4_chr10_2404092_2868093.update  387687 387746  (76221) + HELITRON7_OS      RC/Helitron           1462   1527  (8626) 293  
  651   12.2  0.0  0.7  HEG4_chr10_2404092_2868093.update  388015 388163  (75804) + HELITRON7_OS      RC/Helitron           1490   1637  (8516) 294  
  597   10.2  1.1  0.0  HEG4_chr10_2404092_2868093.update  388217 388304  (75663) C CACTA-I           DNA/En-Spm             (0)   1124    1036 295  
 2333   17.3 18.4 10.8  HEG4_chr10_2404092_2868093.update  388314 389147  (74820) C CACTA-I           DNA/En-Spm           (227)    897       1 295  
  523   17.0 14.3  0.0  HEG4_chr10_2404092_2868093.update  389162 389273  (74694) C EnSpm-16_OS       DNA/En-Spm         (11685)   1651    1524 296  
 2028    9.5  0.6  7.0  HEG4_chr10_2404092_2868093.update  389476 389804  (74163) C COPI1_LTR         LTR/Copia              (0)    308       1 297  
  259   21.9  0.0  3.0  HEG4_chr10_2404092_2868093.update  390364 390429  (73538) C CLOUD-5           DNA/MuDR             (552)   1059     996 298  
 2027   15.0  2.9  2.9  HEG4_chr10_2404092_2868093.update  390528 390904  (73063) + TEMPINDAS         DNA/hAT-Ac            3121   3497   (762) 299  
 4568   12.6  2.1  4.7  HEG4_chr10_2404092_2868093.update  391530 392331  (71636) C TNR3_OS           DNA/En-Spm             (0)   1536     756 300 *
 4708   11.4  0.6  0.5  HEG4_chr10_2404092_2868093.update  392067 392853  (71114) + OSTE22            DNA                    187    974    (22) 301  
 4348   16.4  5.3  5.5  HEG4_chr10_2404092_2868093.update  392584 393577  (70390) C TNR3_OS           DNA/En-Spm           (544)    992       1 302 *
  322   21.8  9.7  1.9  HEG4_chr10_2404092_2868093.update  393605 393707  (70260) + TEMPINDAS         DNA/hAT-Ac            3647   3757   (502) 303  
  279   13.6  8.7  4.3  HEG4_chr10_2404092_2868093.update  393691 393759  (70208) + TEMPINDAS         DNA/hAT-Ac            3762   3833   (426) 304 *
  442   29.5  3.3  2.6  HEG4_chr10_2404092_2868093.update  396459 396611  (67356) C MERMITE           DNA                    (4)   1397    1244 305  
  360   33.3  6.8  2.5  HEG4_chr10_2404092_2868093.update  396468 396790  (67177) + MERMITE18C        DNA/MuDR                 9    345  (1128) 306 *
  681   24.9  4.1  2.7  HEG4_chr10_2404092_2868093.update  397110 397328  (66639) C EnSpm-N2_OS       DNA/En-Spm             (0)   1282    1061 307  
  353   11.9 11.2 11.2  HEG4_chr10_2404092_2868093.update  397950 398101  (65866) C EnSpm-N2_OS       DNA/En-Spm           (763)    519     368 308 *
  668    9.0  2.2  0.0  HEG4_chr10_2404092_2868093.update  398097 398185  (65782) C EnSpm-N2_OS       DNA/En-Spm          (1191)     91       1 308  
  819   24.6  2.9  2.9  HEG4_chr10_2404092_2868093.update  402688 402926  (61041) + XIKE              DNA/MuDR                 1    239   (355) 309  
  528   29.1  4.1  0.5  HEG4_chr10_2404092_2868093.update  403010 403230  (60737) + XIKE              DNA/MuDR               366    594     (0) 310  
  260    0.0  0.0  0.0  HEG4_chr10_2404092_2868093.update  404535 404563  (59404) + TYPEH             DNA                    281    309     (0) 311  
  241   26.7  8.9  6.5  HEG4_chr10_2404092_2868093.update  406017 406140  (57827) C SINE9_OS          SINE                  (59)    234     108 312  
 5462   13.2  3.6  3.0  HEG4_chr10_2404092_2868093.update  407051 408070  (55897) + SZ-27LIKE         LTR/Copia                3   1028   (533) 313  
  282   15.0  9.5  4.8  HEG4_chr10_2404092_2868093.update  408480 408562  (55405) C COPIA3-I_OS-int   LTR/Copia           (4436)     99      13 314  
 1690   13.8  0.7  1.3  HEG4_chr10_2404092_2868093.update  408563 408863  (55104) + SZ-27LIKE         LTR/Copia                4    302  (1259) 315  
  836   19.6  3.0  0.0  HEG4_chr10_2404092_2868093.update  409713 409911  (54056) C MERMITE18C        DNA/MuDR            (1266)    207       3 316  
  754   15.6  0.6  6.7  HEG4_chr10_2404092_2868093.update  412763 412927  (51040) + SEVERIN-2         DNA                   1796   1950     (1) 317  
  988    9.6 13.1  2.7  HEG4_chr10_2404092_2868093.update  415423 415603  (48364) + TYPEM             DNA                      1    200    (27) 318  
 1436    6.7  9.1  0.0  HEG4_chr10_2404092_2868093.update  415604 415811  (48156) + TYPEM             DNA                      1    227     (0) 319  
  459   14.6  2.2  3.3  HEG4_chr10_2404092_2868093.update  415827 415892  (48075) C TYPEM             DNA                   (12)    215     151 320  
 1443    8.4  6.6  0.0  HEG4_chr10_2404092_2868093.update  415893 416105  (47862) + TYPEM             DNA                      1    227     (0) 321  
 1045   14.0  6.9  2.0  HEG4_chr10_2404092_2868093.update  416106 416243  (47724) C TYPEM             DNA                   (79)    148       1 321  
 1147   11.5  6.8  0.0  HEG4_chr10_2404092_2868093.update  416396 416629  (47338) C STOWAWAY2_OS      DNA/TcMar-Stowaway     (0)    250       1 322  
  506   26.7  1.6  2.2  HEG4_chr10_2404092_2868093.update  418526 418777  (45190) C CACTA-F           DNA/En-Spm             (0)   1118     906 323  
  311   18.6 11.6  0.0  HEG4_chr10_2404092_2868093.update  419523 419608  (44359) C CACTA-F           DNA/En-Spm           (118)   1000     905 324  
  397   12.8  0.0  2.5  HEG4_chr10_2404092_2868093.update  421167 421246  (42721) + STOWAWAY42_OS     DNA/TcMar-Stowaway       1     78   (164) 325  
 2365    5.5 14.0  7.6  HEG4_chr10_2404092_2868093.update  423275 423667  (40300) C OSTE9             DNA                    (1)    420       3 326  
  380   19.2 12.6  6.3  HEG4_chr10_2404092_2868093.update  424974 425212  (38755) + STOWAWAY41_OS     DNA/TcMar-Stowaway      11    264     (0) 327  
  794   13.3  0.0  2.2  HEG4_chr10_2404092_2868093.update  426107 426244  (37723) + EnSpm-9_OS        DNA/En-Spm            8820   8954     (1) 328  
  301   20.9  6.6  0.9  HEG4_chr10_2404092_2868093.update  429297 429402  (34565) + SZ-9_LTR          LTR/Gypsy                1    112   (853) 329  
 2761   21.1  0.8  0.5  HEG4_chr10_2404092_2868093.update  430236 430820  (33147) C RIRE5-I_OS-int    LTR/Copia              (0)   4471    3885 330 *
 8771   16.5  7.4  2.4  HEG4_chr10_2404092_2868093.update  430818 433476  (30491) C RIRE5-I_OS-int    LTR/Copia           (1679)   2792       1 330  
 2086    9.4  0.0  0.3  HEG4_chr10_2404092_2868093.update  434058 434367  (29600) + TYPEH             DNA                      1    309     (0) 331  
 5800    9.0 16.5  1.4  HEG4_chr10_2404092_2868093.update  434368 435399  (28568) C COPIA1-LTR_OS     LTR/Copia             (24)   1190       1 332  
  280   22.5  1.4  1.4  HEG4_chr10_2404092_2868093.update  435400 435471  (28496) + STOWAWAY47_OS     DNA/TcMar-Stowaway      41    112    (36) 333  
  797   21.9  9.0  5.1  HEG4_chr10_2404092_2868093.update  437003 437334  (26633) C TYPEU             DNA                   (17)    345       1 334 *
  885   20.9  7.7  3.5  HEG4_chr10_2404092_2868093.update  437042 437354  (26613) + TYPEU2            DNA                     57    382     (0) 335  
  373   29.4  0.0  0.0  HEG4_chr10_2404092_2868093.update  437733 437858  (26109) C HATOS1            DNA/hAT-Tip100       (180)   3308    3183 336  
  281   12.2 10.7  2.4  HEG4_chr10_2404092_2868093.update  438445 438528  (25439) + MIDWAY            DNA/hAT-Tip100         895    985     (0) 337  
 1489   13.7  1.8  1.5  HEG4_chr10_2404092_2868093.update  438549 438822  (25145) + MDR1              DNA/MuDR              7109   7383     (0) 338  
 1074   20.7  4.4  3.5  HEG4_chr10_2404092_2868093.update  438841 439156  (24811) + RETROSAT2_LTR     LTR/Gypsy             2974   3292     (2) 339  
  816   20.9  0.5  4.5  HEG4_chr10_2404092_2868093.update  440180 440399  (23568) C WANDERER_OS       DNA/Tourist           (21)    211       1 340  
  452   23.5  7.2  2.4  HEG4_chr10_2404092_2868093.update  441021 441186  (22781) C OSTE21            DNA/MuDR            (1083)    188      15 341  
  315   22.0  3.9  2.0  HEG4_chr10_2404092_2868093.update  442130 442231  (21736) C TOURIST-XV        DNA/Tourist           (93)    146      43 342  
 1260    6.6  0.0  0.0  HEG4_chr10_2404092_2868093.update  442624 442803  (21164) C TREP215           DNA/TcMar-Stowaway     (0)    239      60 343  
 1644   25.1  7.8 12.1  HEG4_chr10_2404092_2868093.update  442804 444035  (19932) C CACTA-B           DNA/En-Spm             (0)   1152       1 344  
  328   19.1  0.0  0.0  HEG4_chr10_2404092_2868093.update  444036 444097  (19870) + TREP215           DNA/TcMar-Stowaway     178    239     (0) 345  
  227    4.4  0.0  0.0  HEG4_chr10_2404092_2868093.update  444668 444712  (19255) C STOWAWAY50_OS     DNA/TcMar-Stowaway    (42)    132      88 346 *
  275   14.5  2.6  0.0  HEG4_chr10_2404092_2868093.update  444674 444749  (19218) C EnSpm-11_OS       DNA/En-Spm          (8970)   4156    4079 347  
  681   15.2 12.0  0.8  HEG4_chr10_2404092_2868093.update  445816 445948  (18019) + STOWAWAY47_OS     DNA/TcMar-Stowaway       1    148     (0) 348  
  349   20.4  4.0  3.0  HEG4_chr10_2404092_2868093.update  446492 446519  (17448) + MIDWAY            DNA/hAT-Tip100         428    456   (529) 349  
 1011    9.4  0.0  0.7  HEG4_chr10_2404092_2868093.update  446520 446669  (17298) + STOWAWAY1_OS      DNA/TcMar-Stowaway       1    149     (0) 350  
 1206    8.2 11.5  0.6  HEG4_chr10_2404092_2868093.update  447425 447607  (16360) + TNR10             DNA                    406    608     (0) 351  
 3384   16.3  6.1  3.3  HEG4_chr10_2404092_2868093.update  449478 450308  (13659) + SZ-44_LTR         LTR/Gypsy              599   1393    (15) 352  
  660   21.0  7.7  0.0  HEG4_chr10_2404092_2868093.update  450622 450802  (13165) C SPMLIKE           DNA/En-Spm          (2623)   8366    8172 353  
 1219   29.7  1.4  1.0  HEG4_chr10_2404092_2868093.update  450806 451298  (12669) C SPMLIKE           DNA/En-Spm          (3525)   7464    6970 354  
  531   23.4  4.0  0.6  HEG4_chr10_2404092_2868093.update  451515 451690  (12277) + MUDRN1_OS         DNA/MuDR                 5    186   (578) 355  
 4657   22.6  0.2  0.5  HEG4_chr10_2404092_2868093.update  452364 453395  (10572) C SZ-7_int-int      LTR/Gypsy           (5940)   4353    3325 356  
 2965   13.9 11.4  4.2  HEG4_chr10_2404092_2868093.update  453396 454074   (9893) C SZ-44_LTR         LTR/Gypsy             (15)   1393     725 357  
 4380   14.8  8.7  0.1  HEG4_chr10_2404092_2868093.update  454776 455857   (8110) C SZ-66LTR          LTR/Gypsy             (47)   1176       1 358  
 4561   21.3  4.9  5.1  HEG4_chr10_2404092_2868093.update  455858 457433   (6534) C GypsO_I-int       LTR/Gypsy              (0)   7442    5870 358  
  567   23.3  1.7  0.6  HEG4_chr10_2404092_2868093.update  458821 459012   (4955) + WANDERER_OS       DNA/Tourist             34    233     (6) 359  
  797   15.2  7.3  0.5  HEG4_chr10_2404092_2868093.update  459056 459247   (4720) C STOWAWAY51_OS     DNA/TcMar-Stowaway    (41)    205       1 360  
 1488   13.4  4.6  0.0  HEG4_chr10_2404092_2868093.update  459588 459870   (4097) C TYPEH             DNA                    (4)    305      10 361  
  676   16.6  5.2  4.4  HEG4_chr10_2404092_2868093.update  460140 460391   (3576) C STOWAWAY41_OS     DNA/TcMar-Stowaway    (10)    254       1 362  
 1737   14.0  5.5  0.0  HEG4_chr10_2404092_2868093.update  460902 461230   (2737) C OLO24C            DNA/Tourist            (8)    348       2 363  
 2021   11.0  3.3  0.6  HEG4_chr10_2404092_2868093.update  461827 462156   (1811) + OLO24             DNA/Tourist              1    339     (6) 364  
  596   18.4  3.9  0.7  HEG4_chr10_2404092_2868093.update  462167 462319   (1648) C WANDERER_OS       DNA/Tourist           (15)    217      60 365  
  856   17.9  8.2  0.0  HEG4_chr10_2404092_2868093.update  462677 462871   (1096) + WANDERER_OS       DNA/Tourist              1    211    (21) 366  
